# JRE version: OpenJDK Runtime Environment Temurin-21.0.10+7 (21.0.10+7) (build 21.0.10+7-LTS)
# Java VM: OpenJDK 64-Bit Server VM Temurin-21.0.10+7 (21.0.10+7-LTS, mixed mode, sharing, tiered, compressed oops, compressed class ptrs, parallel gc, windows-amd64)
GC Precious Log:
 CardTable entry size: 512
 CPUs: 4 total, 4 available
 Memory: 8083M
 Large Page Support: Disabled
 NUMA Support: Disabled
 Compressed Oops: Enabled (32-bit)
 Alignments: Space 512K, Generation 512K, Heap 2M
 Heap Min Capacity: 100M
 Heap Initial Capacity: 100M
 Heap Max Capacity: 2G
 Pre-touch: Disabled
 Parallel Workers: 4
Heap:
 PSYoungGen      total 4096K, used 3266K [0x00000000d5580000, 0x00000000d5c00000, 0x0000000100000000)
  eden space 3584K, 84% used [0x00000000d5580000,0x00000000d5876ae0,0x00000000d5900000)
  from space 512K, 45% used [0x00000000d5b80000,0x00000000d5bb9f48,0x00000000d5c00000)
  to   space 512K, 0% used [0x00000000d5900000,0x00000000d5900000,0x00000000d5980000)
 ParOldGen       total 491008K, used 490855K [0x0000000080000000, 0x000000009df80000, 0x00000000d5580000)
  object space 491008K, 99% used [0x0000000080000000,0x000000009df59f68,0x000000009df80000)
 Metaspace       used 83857K, committed 85376K, reserved 1179648K
  class space    used 8557K, committed 9280K, reserved 1048576K
GC Heap History (20 events):
Event: 4232.268 GC heap before
{Heap before GC invocations=709 (full 4):
 PSYoungGen      total 7680K, used 7134K [0x00000000d5580000, 0x00000000d6100000, 0x0000000100000000)
  eden space 3584K, 100% used [0x00000000d5580000,0x00000000d5900000,0x00000000d5900000)
  from space 4096K, 86% used [0x00000000d5d00000,0x00000000d6077960,0x00000000d6100000)
  to   space 4096K, 0% used [0x00000000d5900000,0x00000000d5900000,0x00000000d5d00000)
 ParOldGen       total 485376K, used 485285K [0x0000000080000000, 0x000000009da00000, 0x00000000d5580000)
  object space 485376K, 99% used [0x0000000080000000,0x000000009d9e94f8,0x000000009da00000)
 Metaspace       used 83759K, committed 85312K, reserved 1179648K
  class space    used 8554K, committed 9280K, reserved 1048576K
}
Event: 4232.273 GC heap after
{Heap after GC invocations=709 (full 4):
 PSYoungGen      total 4096K, used 192K [0x00000000d5580000, 0x00000000d5d80000, 0x0000000100000000)
  eden space 3584K, 0% used [0x00000000d5580000,0x00000000d5580000,0x00000000d5900000)
  from space 512K, 37% used [0x00000000d5900000,0x00000000d5930000,0x00000000d5980000)
  to   space 1536K, 0% used [0x00000000d5c00000,0x00000000d5c00000,0x00000000d5d80000)
 ParOldGen       total 488960K, used 488763K [0x0000000080000000, 0x000000009dd80000, 0x00000000d5580000)
  object space 488960K, 99% used [0x0000000080000000,0x000000009dd4ee58,0x000000009dd80000)
 Metaspace       used 83759K, committed 85312K, reserved 1179648K
  class space    used 8554K, committed 9280K, reserved 1048576K
}
Event: 4243.816 GC heap before
{Heap before GC invocations=710 (full 4):
 PSYoungGen      total 4096K, used 3776K [0x00000000d5580000, 0x00000000d5d80000, 0x0000000100000000)
  eden space 3584K, 100% used [0x00000000d5580000,0x00000000d5900000,0x00000000d5900000)
  from space 512K, 37% used [0x00000000d5900000,0x00000000d5930000,0x00000000d5980000)
  to   space 1536K, 0% used [0x00000000d5c00000,0x00000000d5c00000,0x00000000d5d80000)
 ParOldGen       total 488960K, used 488763K [0x0000000080000000, 0x000000009dd80000, 0x00000000d5580000)
  object space 488960K, 99% used [0x0000000080000000,0x000000009dd4ee58,0x000000009dd80000)
 Metaspace       used 83762K, committed 85312K, reserved 1179648K
  class space    used 8554K, committed 9280K, reserved 1048576K
}
Event: 4243.818 GC heap after
{Heap after GC invocations=710 (full 4):
 PSYoungGen      total 4096K, used 128K [0x00000000d5580000, 0x00000000d5c80000, 0x0000000100000000)
  eden space 3584K, 0% used [0x00000000d5580000,0x00000000d5580000,0x00000000d5900000)
  from space 512K, 25% used [0x00000000d5c00000,0x00000000d5c20000,0x00000000d5c80000)
  to   space 512K, 0% used [0x00000000d5900000,0x00000000d5900000,0x00000000d5980000)
 ParOldGen       total 488960K, used 488851K [0x0000000080000000, 0x000000009dd80000, 0x00000000d5580000)
  object space 488960K, 99% used [0x0000000080000000,0x000000009dd64e58,0x000000009dd80000)
 Metaspace       used 83762K, committed 85312K, reserved 1179648K
  class space    used 8554K, committed 9280K, reserved 1048576K
}
Event: 4277.094 GC heap before
{Heap before GC invocations=711 (full 4):
 PSYoungGen      total 4096K, used 3712K [0x00000000d5580000, 0x00000000d5c80000, 0x0000000100000000)
  eden space 3584K, 100% used [0x00000000d5580000,0x00000000d5900000,0x00000000d5900000)
  from space 512K, 25% used [0x00000000d5c00000,0x00000000d5c20000,0x00000000d5c80000)
  to   space 512K, 0% used [0x00000000d5900000,0x00000000d5900000,0x00000000d5980000)
 ParOldGen       total 488960K, used 488851K [0x0000000080000000, 0x000000009dd80000, 0x00000000d5580000)
  object space 488960K, 99% used [0x0000000080000000,0x000000009dd64e58,0x000000009dd80000)
 Metaspace       used 83774K, committed 85312K, reserved 1179648K
  class space    used 8554K, committed 9280K, reserved 1048576K
}
Event: 4277.097 GC heap after
{Heap after GC invocations=711 (full 4):
 PSYoungGen      total 4096K, used 128K [0x00000000d5580000, 0x00000000d5c80000, 0x0000000100000000)
  eden space 3584K, 0% used [0x00000000d5580000,0x00000000d5580000,0x00000000d5900000)
  from space 512K, 25% used [0x00000000d5900000,0x00000000d5920000,0x00000000d5980000)
  to   space 512K, 0% used [0x00000000d5c00000,0x00000000d5c00000,0x00000000d5c80000)
 ParOldGen       total 488960K, used 488907K [0x0000000080000000, 0x000000009dd80000, 0x00000000d5580000)
  object space 488960K, 99% used [0x0000000080000000,0x000000009dd72e58,0x000000009dd80000)
 Metaspace       used 83774K, committed 85312K, reserved 1179648K
  class space    used 8554K, committed 9280K, reserved 1048576K
}
Event: 5763.571 GC heap before
{Heap before GC invocations=712 (full 4):
 PSYoungGen      total 4096K, used 3711K [0x00000000d5580000, 0x00000000d5c80000, 0x0000000100000000)
  eden space 3584K, 99% used [0x00000000d5580000,0x00000000d58fffe8,0x00000000d5900000)
  from space 512K, 25% used [0x00000000d5900000,0x00000000d5920000,0x00000000d5980000)
  to   space 512K, 0% used [0x00000000d5c00000,0x00000000d5c00000,0x00000000d5c80000)
 ParOldGen       total 488960K, used 488907K [0x0000000080000000, 0x000000009dd80000, 0x00000000d5580000)
  object space 488960K, 99% used [0x0000000080000000,0x000000009dd72e58,0x000000009dd80000)
 Metaspace       used 83786K, committed 85312K, reserved 1179648K
  class space    used 8554K, committed 9280K, reserved 1048576K
}
Event: 5764.141 GC heap after
{Heap after GC invocations=712 (full 4):
 PSYoungGen      total 4096K, used 128K [0x00000000d5580000, 0x00000000d5c80000, 0x0000000100000000)
  eden space 3584K, 0% used [0x00000000d5580000,0x00000000d5580000,0x00000000d5900000)
  from space 512K, 25% used [0x00000000d5c00000,0x00000000d5c20000,0x00000000d5c80000)
  to   space 512K, 0% used [0x00000000d5900000,0x00000000d5900000,0x00000000d5980000)
 ParOldGen       total 488960K, used 488939K [0x0000000080000000, 0x000000009dd80000, 0x00000000d5580000)
  object space 488960K, 99% used [0x0000000080000000,0x000000009dd7ae58,0x000000009dd80000)
 Metaspace       used 83786K, committed 85312K, reserved 1179648K
  class space    used 8554K, committed 9280K, reserved 1048576K
}
Event: 5766.067 GC heap before
{Heap before GC invocations=713 (full 4):
 PSYoungGen      total 4096K, used 3712K [0x00000000d5580000, 0x00000000d5c80000, 0x0000000100000000)
  eden space 3584K, 100% used [0x00000000d5580000,0x00000000d5900000,0x00000000d5900000)
  from space 512K, 25% used [0x00000000d5c00000,0x00000000d5c20000,0x00000000d5c80000)
  to   space 512K, 0% used [0x00000000d5900000,0x00000000d5900000,0x00000000d5980000)
 ParOldGen       total 488960K, used 488939K [0x0000000080000000, 0x000000009dd80000, 0x00000000d5580000)
  object space 488960K, 99% used [0x0000000080000000,0x000000009dd7ae58,0x000000009dd80000)
 Metaspace       used 83788K, committed 85312K, reserved 1179648K
  class space    used 8554K, committed 9280K, reserved 1048576K
}
Event: 5766.084 GC heap after
{Heap after GC invocations=713 (full 4):
 PSYoungGen      total 4096K, used 508K [0x00000000d5580000, 0x00000000d5c80000, 0x0000000100000000)
  eden space 3584K, 0% used [0x00000000d5580000,0x00000000d5580000,0x00000000d5900000)
  from space 512K, 99% used [0x00000000d5900000,0x00000000d597f168,0x00000000d5980000)
  to   space 1024K, 0% used [0x00000000d5b80000,0x00000000d5b80000,0x00000000d5c80000)
 ParOldGen       total 489472K, used 489011K [0x0000000080000000, 0x000000009de00000, 0x00000000d5580000)
  object space 489472K, 99% used [0x0000000080000000,0x000000009dd8cda0,0x000000009de00000)
 Metaspace       used 83788K, committed 85312K, reserved 1179648K
  class space    used 8554K, committed 9280K, reserved 1048576K
}
Event: 5766.294 GC heap before
{Heap before GC invocations=714 (full 4):
 PSYoungGen      total 4096K, used 4092K [0x00000000d5580000, 0x00000000d5c80000, 0x0000000100000000)
  eden space 3584K, 100% used [0x00000000d5580000,0x00000000d5900000,0x00000000d5900000)
  from space 512K, 99% used [0x00000000d5900000,0x00000000d597f168,0x00000000d5980000)
  to   space 1024K, 0% used [0x00000000d5b80000,0x00000000d5b80000,0x00000000d5c80000)
 ParOldGen       total 489472K, used 489011K [0x0000000080000000, 0x000000009de00000, 0x00000000d5580000)
  object space 489472K, 99% used [0x0000000080000000,0x000000009dd8cda0,0x000000009de00000)
 Metaspace       used 83788K, committed 85312K, reserved 1179648K
  class space    used 8554K, committed 9280K, reserved 1048576K
}
Event: 5766.304 GC heap after
{Heap after GC invocations=714 (full 4):
 PSYoungGen      total 4096K, used 384K [0x00000000d5580000, 0x00000000d5c00000, 0x0000000100000000)
  eden space 3584K, 0% used [0x00000000d5580000,0x00000000d5580000,0x00000000d5900000)
  from space 512K, 75% used [0x00000000d5b80000,0x00000000d5be0000,0x00000000d5c00000)
  to   space 512K, 0% used [0x00000000d5900000,0x00000000d5900000,0x00000000d5980000)
 ParOldGen       total 489984K, used 489487K [0x0000000080000000, 0x000000009de80000, 0x00000000d5580000)
  object space 489984K, 99% used [0x0000000080000000,0x000000009de03f08,0x000000009de80000)
 Metaspace       used 83788K, committed 85312K, reserved 1179648K
  class space    used 8554K, committed 9280K, reserved 1048576K
}
Event: 5766.523 GC heap before
{Heap before GC invocations=715 (full 4):
 PSYoungGen      total 4096K, used 3968K [0x00000000d5580000, 0x00000000d5c00000, 0x0000000100000000)
  eden space 3584K, 100% used [0x00000000d5580000,0x00000000d5900000,0x00000000d5900000)
  from space 512K, 75% used [0x00000000d5b80000,0x00000000d5be0000,0x00000000d5c00000)
  to   space 512K, 0% used [0x00000000d5900000,0x00000000d5900000,0x00000000d5980000)
 ParOldGen       total 489984K, used 489487K [0x0000000080000000, 0x000000009de80000, 0x00000000d5580000)
  object space 489984K, 99% used [0x0000000080000000,0x000000009de03f08,0x000000009de80000)
 Metaspace       used 83813K, committed 85376K, reserved 1179648K
  class space    used 8554K, committed 9280K, reserved 1048576K
}
Event: 5766.537 GC heap after
{Heap after GC invocations=715 (full 4):
 PSYoungGen      total 4096K, used 432K [0x00000000d5580000, 0x00000000d5c00000, 0x0000000100000000)
  eden space 3584K, 0% used [0x00000000d5580000,0x00000000d5580000,0x00000000d5900000)
  from space 512K, 84% used [0x00000000d5900000,0x00000000d596c010,0x00000000d5980000)
  to   space 512K, 0% used [0x00000000d5b80000,0x00000000d5b80000,0x00000000d5c00000)
 ParOldGen       total 489984K, used 489791K [0x0000000080000000, 0x000000009de80000, 0x00000000d5580000)
  object space 489984K, 99% used [0x0000000080000000,0x000000009de4ff08,0x000000009de80000)
 Metaspace       used 83813K, committed 85376K, reserved 1179648K
  class space    used 8554K, committed 9280K, reserved 1048576K
}
Event: 5766.573 GC heap before
{Heap before GC invocations=716 (full 4):
 PSYoungGen      total 4096K, used 4016K [0x00000000d5580000, 0x00000000d5c00000, 0x0000000100000000)
  eden space 3584K, 100% used [0x00000000d5580000,0x00000000d5900000,0x00000000d5900000)
  from space 512K, 84% used [0x00000000d5900000,0x00000000d596c010,0x00000000d5980000)
  to   space 512K, 0% used [0x00000000d5b80000,0x00000000d5b80000,0x00000000d5c00000)
 ParOldGen       total 489984K, used 489791K [0x0000000080000000, 0x000000009de80000, 0x00000000d5580000)
  object space 489984K, 99% used [0x0000000080000000,0x000000009de4ff08,0x000000009de80000)
 Metaspace       used 83813K, committed 85376K, reserved 1179648K
  class space    used 8554K, committed 9280K, reserved 1048576K
}
Event: 5766.574 GC heap after
{Heap after GC invocations=716 (full 4):
 PSYoungGen      total 4096K, used 352K [0x00000000d5580000, 0x00000000d5c00000, 0x0000000100000000)
  eden space 3584K, 0% used [0x00000000d5580000,0x00000000d5580000,0x00000000d5900000)
  from space 512K, 68% used [0x00000000d5b80000,0x00000000d5bd8020,0x00000000d5c00000)
  to   space 512K, 0% used [0x00000000d5900000,0x00000000d5900000,0x00000000d5980000)
 ParOldGen       total 490496K, used 490143K [0x0000000080000000, 0x000000009df00000, 0x00000000d5580000)
  object space 490496K, 99% used [0x0000000080000000,0x000000009dea7f28,0x000000009df00000)
 Metaspace       used 83813K, committed 85376K, reserved 1179648K
  class space    used 8554K, committed 9280K, reserved 1048576K
}
Event: 5766.668 GC heap before
{Heap before GC invocations=717 (full 4):
 PSYoungGen      total 4096K, used 3936K [0x00000000d5580000, 0x00000000d5c00000, 0x0000000100000000)
  eden space 3584K, 100% used [0x00000000d5580000,0x00000000d5900000,0x00000000d5900000)
  from space 512K, 68% used [0x00000000d5b80000,0x00000000d5bd8020,0x00000000d5c00000)
  to   space 512K, 0% used [0x00000000d5900000,0x00000000d5900000,0x00000000d5980000)
 ParOldGen       total 490496K, used 490143K [0x0000000080000000, 0x000000009df00000, 0x00000000d5580000)
  object space 490496K, 99% used [0x0000000080000000,0x000000009dea7f28,0x000000009df00000)
 Metaspace       used 83818K, committed 85376K, reserved 1179648K
  class space    used 8554K, committed 9280K, reserved 1048576K
}
Event: 5766.673 GC heap after
{Heap after GC invocations=717 (full 4):
 PSYoungGen      total 4096K, used 464K [0x00000000d5580000, 0x00000000d5c00000, 0x0000000100000000)
  eden space 3584K, 0% used [0x00000000d5580000,0x00000000d5580000,0x00000000d5900000)
  from space 512K, 90% used [0x00000000d5900000,0x00000000d5974010,0x00000000d5980000)
  to   space 512K, 0% used [0x00000000d5b80000,0x00000000d5b80000,0x00000000d5c00000)
 ParOldGen       total 490496K, used 490455K [0x0000000080000000, 0x000000009df00000, 0x00000000d5580000)
  object space 490496K, 99% used [0x0000000080000000,0x000000009def5f48,0x000000009df00000)
 Metaspace       used 83818K, committed 85376K, reserved 1179648K
  class space    used 8554K, committed 9280K, reserved 1048576K
}
Event: 5774.001 GC heap before
{Heap before GC invocations=718 (full 4):
 PSYoungGen      total 4096K, used 4048K [0x00000000d5580000, 0x00000000d5c00000, 0x0000000100000000)
  eden space 3584K, 100% used [0x00000000d5580000,0x00000000d5900000,0x00000000d5900000)
  from space 512K, 90% used [0x00000000d5900000,0x00000000d5974010,0x00000000d5980000)
  to   space 512K, 0% used [0x00000000d5b80000,0x00000000d5b80000,0x00000000d5c00000)
 ParOldGen       total 490496K, used 490455K [0x0000000080000000, 0x000000009df00000, 0x00000000d5580000)
  object space 490496K, 99% used [0x0000000080000000,0x000000009def5f48,0x000000009df00000)
 Metaspace       used 83840K, committed 85376K, reserved 1179648K
  class space    used 8557K, committed 9280K, reserved 1048576K
}
Event: 5774.005 GC heap after
{Heap after GC invocations=718 (full 4):
 PSYoungGen      total 4096K, used 231K [0x00000000d5580000, 0x00000000d5c00000, 0x0000000100000000)
  eden space 3584K, 0% used [0x00000000d5580000,0x00000000d5580000,0x00000000d5900000)
  from space 512K, 45% used [0x00000000d5b80000,0x00000000d5bb9f48,0x00000000d5c00000)
  to   space 512K, 0% used [0x00000000d5900000,0x00000000d5900000,0x00000000d5980000)
 ParOldGen       total 491008K, used 490855K [0x0000000080000000, 0x000000009df80000, 0x00000000d5580000)
  object space 491008K, 99% used [0x0000000080000000,0x000000009df59f68,0x000000009df80000)
 Metaspace       used 83840K, committed 85376K, reserved 1179648K
  class space    used 8557K, committed 9280K, reserved 1048576K
}

